<?xml version="1.0" encoding="UTF-8"?>
<configurations>
	<!-- enabled config -->
	<configuration id="0" enabled="yes">
		<name>Test configuration <![CDATA[<0>]]><!-- first --></name>
	</configuration>
	<configuration id="1" enabled="no">
		<name><!-- second -->Test configuration <![CDATA[<1>]]></name>
	</configuration>
	<configuration id='2' enabled='no'>
		<name><!-- third -->Test configuration <![CDATA[<2>]]></name>
	</configuration>
</configurations>